<?xml version="1.0" encoding="UTF-8"?>
<testsuite name="pe.pcs.firestorebasicoyt.ExampleUnitTest" tests="1" skipped="0" failures="0" errors="0" timestamp="2024-07-12T01:24:11" hostname="PC-ADRIAN" time="0.001">
  <properties/>
  <testcase name="addition_isCorrect" classname="pe.pcs.firestorebasicoyt.ExampleUnitTest" time="0.001"/>
  <system-out><![CDATA[]]></system-out>
  <system-err><![CDATA[]]></system-err>
</testsuite>
